<?xml version="1.0" encoding="UTF-8"?>
<!-- Generated by org.testng.reporters.JUnitXMLReporter -->
<testsuite hostname="india" ignored="0" name="Test" tests="2" failures="2" timestamp="2020-02-10T15:11:01 GMT" time="0.157" errors="0">
  <testcase name="UserHomePageTest" time="0.024" classname="ToTest.UserHome">
    <failure type="java.lang.NullPointerException">
      <![CDATA[java.lang.NullPointerException
at pageobjects.UserHomeObjects.UserWelcomeNote(UserHomeObjects.java:19)
at ToTest.UserHome.UserHomePageTest(UserHome.java:14)
at java.util.ArrayList.forEach(ArrayList.java:1257)
... Removed 27 stack frames]]>
    </failure>
  </testcase> <!-- UserHomePageTest -->
  <testcase name="newLead" time="0.004" classname="ToTest.CreateLead">
    <failure type="java.lang.NullPointerException">
      <![CDATA[java.lang.NullPointerException
at pageobjects.LeadsPage.LeadCompany(LeadsPage.java:20)
at ToTest.CreateLead.newLead(CreateLead.java:11)
at java.util.ArrayList.forEach(ArrayList.java:1257)
... Removed 27 stack frames]]>
    </failure>
  </testcase> <!-- newLead -->
</testsuite> <!-- Test -->
