<?xml version="1.0" encoding="UTF-8"?>
<testsuite xmlns:xsi="http://www.w3.org/2001/XMLSchema-instance" xsi:noNamespaceSchemaLocation="https://maven.apache.org/surefire/maven-surefire-plugin/xsd/surefire-test-report.xsd" name="TestSuite" time="29.738" tests="9" errors="0" skipped="8" failures="1">
  <properties>
[...]
</properties>
  <testcase name="lanuchUrl" classname="guru.TestSignIn" time="27.883">
    <failure message="org.apache.http.conn.HttpHostConnectException: Connect to localhost:27500 [localhost/127.0.0.1, localhost/0:0:0:0:0:0:0:1] failed: Connection refused: connect&#10;Build info: version: &apos;3.4.0&apos;, revision: &apos;unknown&apos;, time: &apos;unknown&apos;&#10;System info: host: &apos;SIVAMURRALII-PC&apos;, ip: &apos;192.168.0.11&apos;, os.name: &apos;Windows 8&apos;, os.arch: &apos;amd64&apos;, os.version: &apos;6.2&apos;, java.version: &apos;1.8.0_221&apos;&#10;Driver info: driver.version: FirefoxDriver" type="org.openqa.selenium.WebDriverException">org.openqa.selenium.WebDriverException: 
org.apache.http.conn.HttpHostConnectException: Connect to localhost:27500 [localhost/127.0.0.1, localhost/0:0:0:0:0:0:0:1] failed: Connection refused: connect
Build info: version: '3.4.0', revision: 'unknown', time: 'unknown'
System info: host: 'SIVAMURRALII-PC', ip: '192.168.0.11', os.name: 'Windows 8', os.arch: 'amd64', os.version: '6.2', java.version: '1.8.0_221'
Driver info: driver.version: FirefoxDriver
	at guru.TestSignIn.lanuchUrl(TestSignIn.java:22)
Caused by: org.apache.http.conn.HttpHostConnectException: Connect to localhost:27500 [localhost/127.0.0.1, localhost/0:0:0:0:0:0:0:1] failed: Connection refused: connect
	at guru.TestSignIn.lanuchUrl(TestSignIn.java:22)
Caused by: java.net.ConnectException: Connection refused: connect
	at guru.TestSignIn.lanuchUrl(TestSignIn.java:22)
</failure>
  </testcase>
  <testcase name="lanuchUrl" classname="guru.TestSignIn" time="0">
    <skipped/>
  </testcase>
  <testcase name="lanuchUrl" classname="guru.TestSignIn" time="0">
    <skipped/>
  </testcase>
  <testcase name="Login" classname="guru.TestSignIn" time="0">
    <skipped message="org.apache.http.conn.HttpHostConnectException: Connect to localhost:27500 [localhost/127.0.0.1, localhost/0:0:0:0:0:0:0:1] failed: Connection refused: connect&#10;Build info: version: &apos;3.4.0&apos;, revision: &apos;unknown&apos;, time: &apos;unknown&apos;&#10;System info: host: &apos;SIVAMURRALII-PC&apos;, ip: &apos;192.168.0.11&apos;, os.name: &apos;Windows 8&apos;, os.arch: &apos;amd64&apos;, os.version: &apos;6.2&apos;, java.version: &apos;1.8.0_221&apos;&#10;Driver info: driver.version: FirefoxDriver"/>
    <system-out><![CDATA[onTestStart
onTestSkipped
]]></system-out>
  </testcase>
  <testcase name="Login" classname="guru.TestSignIn" time="0">
    <skipped message="org.apache.http.conn.HttpHostConnectException: Connect to localhost:27500 [localhost/127.0.0.1, localhost/0:0:0:0:0:0:0:1] failed: Connection refused: connect&#10;Build info: version: &apos;3.4.0&apos;, revision: &apos;unknown&apos;, time: &apos;unknown&apos;&#10;System info: host: &apos;SIVAMURRALII-PC&apos;, ip: &apos;192.168.0.11&apos;, os.name: &apos;Windows 8&apos;, os.arch: &apos;amd64&apos;, os.version: &apos;6.2&apos;, java.version: &apos;1.8.0_221&apos;&#10;Driver info: driver.version: FirefoxDriver"/>
    <system-out><![CDATA[onTestStart
onTestSkipped
]]></system-out>
  </testcase>
  <testcase name="Login" classname="guru.TestSignIn" time="0">
    <skipped message="org.apache.http.conn.HttpHostConnectException: Connect to localhost:27500 [localhost/127.0.0.1, localhost/0:0:0:0:0:0:0:1] failed: Connection refused: connect&#10;Build info: version: &apos;3.4.0&apos;, revision: &apos;unknown&apos;, time: &apos;unknown&apos;&#10;System info: host: &apos;SIVAMURRALII-PC&apos;, ip: &apos;192.168.0.11&apos;, os.name: &apos;Windows 8&apos;, os.arch: &apos;amd64&apos;, os.version: &apos;6.2&apos;, java.version: &apos;1.8.0_221&apos;&#10;Driver info: driver.version: FirefoxDriver"/>
    <system-out><![CDATA[onTestStart
onTestSkipped
]]></system-out>
  </testcase>
  <testcase name="tearDown" classname="guru.TestSignIn" time="0">
    <skipped/>
  </testcase>
  <testcase name="tearDown" classname="guru.TestSignIn" time="0">
    <skipped/>
  </testcase>
  <testcase name="tearDown" classname="guru.TestSignIn" time="0">
    <skipped/>
  </testcase>
</testsuite>