<?xml version="1.0" encoding="UTF-8"?>
<!-- Generated by org.testng.reporters.JUnitXMLReporter -->
<testsuite hostname="sivamurralii-PC" ignored="0" name="Validating User login" tests="3" failures="0" timestamp="2020-01-24T15:11:52 GMT" time="25.908" errors="0">
  <testcase name="@BeforeMethod lanuchUrl" time="24.268" classname="guru.TestSignIn">
    <failure type="org.openqa.selenium.WebDriverException" message="org.apache.http.conn.HttpHostConnectException: Connect to localhost:27500 [localhost/127.0.0.1, localhost/0:0:0:0:0:0:0:1] failed: Connection refused: connect
Build info: version: &amp;apos;3.4.0&amp;apos;, revision: &amp;apos;unknown&amp;apos;, time: &amp;apos;unknown&amp;apos;
System info: host: &amp;apos;SIVAMURRALII-PC&amp;apos;, ip: &amp;apos;192.168.0.11&amp;apos;, os.name: &amp;apos;Windows 8&amp;apos;, os.arch: &amp;apos;amd64&amp;apos;, os.version: &amp;apos;6.2&amp;apos;, java.version: &amp;apos;1.8.0_221&amp;apos;
Driver info: driver.version: FirefoxDriver">
      <![CDATA[org.openqa.selenium.WebDriverException: org.apache.http.conn.HttpHostConnectException: Connect to localhost:27500 [localhost/127.0.0.1, localhost/0:0:0:0:0:0:0:1] failed: Connection refused: connect
Build info: version: '3.4.0', revision: 'unknown', time: 'unknown'
System info: host: 'SIVAMURRALII-PC', ip: '192.168.0.11', os.name: 'Windows 8', os.arch: 'amd64', os.version: '6.2', java.version: '1.8.0_221'
Driver info: driver.version: FirefoxDriver
at org.openqa.selenium.remote.service.DriverCommandExecutor.execute(DriverCommandExecutor.java:91)
at org.openqa.selenium.remote.RemoteWebDriver.execute(RemoteWebDriver.java:637)
at org.openqa.selenium.remote.RemoteWebDriver.startSession(RemoteWebDriver.java:250)
at org.openqa.selenium.remote.RemoteWebDriver.startSession(RemoteWebDriver.java:236)
at org.openqa.selenium.remote.RemoteWebDriver.<init>(RemoteWebDriver.java:137)
at org.openqa.selenium.firefox.FirefoxDriver.<init>(FirefoxDriver.java:191)
at org.openqa.selenium.firefox.FirefoxDriver.<init>(FirefoxDriver.java:108)
at org.openqa.selenium.firefox.FirefoxDriver.<init>(FirefoxDriver.java:104)
at resources.base.initializedriver(base.java:34)
at guru.SignInBasePage.geturl(SignInBasePage.java:13)
at guru.TestSignIn.lanuchUrl(TestSignIn.java:22)
at java.util.ArrayList.forEach(Unknown Source)
Caused by: org.apache.http.conn.HttpHostConnectException: Connect to localhost:27500 [localhost/127.0.0.1, localhost/0:0:0:0:0:0:0:1] failed: Connection refused: connect
at org.apache.http.impl.conn.DefaultHttpClientConnectionOperator.connect(DefaultHttpClientConnectionOperator.java:159)
at org.apache.http.impl.conn.PoolingHttpClientConnectionManager.connect(PoolingHttpClientConnectionManager.java:359)
at org.apache.http.impl.execchain.MainClientExec.establishRoute(MainClientExec.java:381)
at org.apache.http.impl.execchain.MainClientExec.execute(MainClientExec.java:237)
at org.apache.http.impl.execchain.ProtocolExec.execute(ProtocolExec.java:185)
at org.apache.http.impl.execchain.RetryExec.execute(RetryExec.java:89)
at org.apache.http.impl.execchain.RedirectExec.execute(RedirectExec.java:111)
at org.apache.http.impl.client.InternalHttpClient.doExecute(InternalHttpClient.java:185)
at org.apache.http.impl.client.CloseableHttpClient.execute(CloseableHttpClient.java:72)
at org.apache.http.impl.client.CloseableHttpClient.execute(CloseableHttpClient.java:56)
at org.openqa.selenium.remote.internal.ApacheHttpClient.fallBackExecute(ApacheHttpClient.java:139)
at org.openqa.selenium.remote.internal.ApacheHttpClient.execute(ApacheHttpClient.java:87)
at org.openqa.selenium.remote.ProtocolHandshake.createSession(ProtocolHandshake.java:343)
at org.openqa.selenium.remote.ProtocolHandshake.createSession(ProtocolHandshake.java:159)
at org.openqa.selenium.remote.HttpCommandExecutor.execute(HttpCommandExecutor.java:142)
at org.openqa.selenium.remote.service.DriverCommandExecutor.execute(DriverCommandExecutor.java:82)
... 45 more
Caused by: java.net.ConnectException: Connection refused: connect
at java.net.DualStackPlainSocketImpl.waitForConnect(Native Method)
at java.net.DualStackPlainSocketImpl.socketConnect(Unknown Source)
at java.net.AbstractPlainSocketImpl.doConnect(Unknown Source)
at java.net.AbstractPlainSocketImpl.connectToAddress(Unknown Source)
at java.net.AbstractPlainSocketImpl.connect(Unknown Source)
at java.net.PlainSocketImpl.connect(Unknown Source)
at java.net.SocksSocketImpl.connect(Unknown Source)
at java.net.Socket.connect(Unknown Source)
at org.apache.http.conn.socket.PlainConnectionSocketFactory.connectSocket(PlainConnectionSocketFactory.java:75)
at org.apache.http.impl.conn.DefaultHttpClientConnectionOperator.connect(DefaultHttpClientConnectionOperator.java:142)
... 60 more
... Removed 34 stack frames]]>
    </failure>
  </testcase> <!-- @BeforeMethod lanuchUrl -->
  <testcase name="@AfterMethod tearDown" time="-1.579878712852E9" classname="guru.TestSignIn">
    <skipped/>
  </testcase> <!-- @AfterMethod tearDown -->
  <testcase name="@BeforeMethod lanuchUrl" time="-1.579878712854E9" classname="guru.TestSignIn">
    <skipped/>
  </testcase> <!-- @BeforeMethod lanuchUrl -->
  <testcase name="@AfterMethod tearDown" time="-1.579878712856E9" classname="guru.TestSignIn">
    <skipped/>
  </testcase> <!-- @AfterMethod tearDown -->
  <testcase name="@BeforeMethod lanuchUrl" time="-1.579878712858E9" classname="guru.TestSignIn">
    <skipped/>
  </testcase> <!-- @BeforeMethod lanuchUrl -->
  <testcase name="@AfterMethod tearDown" time="-1.579878712862E9" classname="guru.TestSignIn">
    <skipped/>
  </testcase> <!-- @AfterMethod tearDown -->
  <testcase name="Login" time="0.0" classname="guru.TestSignIn">
    <skipped/>
  </testcase> <!-- Login -->
  <testcase name="Login" time="0.0" classname="guru.TestSignIn">
    <skipped/>
  </testcase> <!-- Login -->
  <testcase name="Login" time="0.0" classname="guru.TestSignIn">
    <skipped/>
  </testcase> <!-- Login -->
</testsuite> <!-- Validating User login -->
